#
# There is insufficient memory for the Java Runtime Environment to continue.
# Native memory allocation (mmap) failed to map 257949696 bytes for G1 virtual space
# Possible reasons:
#   The system is out of physical RAM or swap space
#   The process is running with CompressedOops enabled, and the Java Heap may be blocking the growth of the native heap
# Possible solutions:
#   Reduce memory load on the system
#   Increase physical memory or swap space
#   Check if swap backing store is full
#   Decrease Java heap size (-Xmx/-Xms)
#   Decrease number of Java threads
#   Decrease Java thread stack sizes (-Xss)
#   Set larger code cache with -XX:ReservedCodeCacheSize=
#   JVM is running with Zero Based Compressed Oops mode in which the Java heap is
#     placed in the first 32GB address space. The Java Heap base address is the
#     maximum limit for the native heap growth. Please use -XX:HeapBaseMinAddress
#     to set the Java Heap base and to place the Java Heap above 32GB virtual address.
# This output file may be truncated or incomplete.
#
#  Out of Memory Error (os_windows.cpp:3600), pid=22264, tid=11424
#
# JRE version:  (21.0.4+8) (build )
# Java VM: Java HotSpot(TM) 64-Bit Server VM (21.0.4+8-LTS-274, mixed mode, emulated-client, sharing, tiered, compressed oops, compressed class ptrs, g1 gc, windows-amd64)
# No core dump will be written. Minidumps are not enabled by default on client versions of Windows
#

---------------  S U M M A R Y ------------

Command Line: -XX:TieredStopAtLevel=1 -Dspring.output.ansi.enabled=always -Dcom.sun.management.jmxremote -Dspring.jmx.enabled=true -Dspring.liveBeansView.mbeanDomain -Dspring.application.admin.enabled=true -Dmanagement.endpoints.jmx.exposure.include=* -javaagent:C:\Program Files\JetBrains\IntelliJ IDEA 2024.2\lib\idea_rt.jar=51062:C:\Program Files\JetBrains\IntelliJ IDEA 2024.2\bin -Dfile.encoding=UTF-8 -Dsun.stdout.encoding=UTF-8 -Dsun.stderr.encoding=UTF-8 com.sherlock.mailservice.MailServiceApplication

Host: AMD Ryzen 7 4800H with Radeon Graphics         , 16 cores, 15G,  Windows 11 , 64 bit Build 22621 (10.0.22621.3958)
Time: Mon Sep 23 16:25:03 2024 Hora oficial do Brasil elapsed time: 0.020440 seconds (0d 0h 0m 0s)

---------------  T H R E A D  ---------------

Current thread (0x0000023f8b278ed0):  JavaThread "Unknown thread" [_thread_in_vm, id=11424, stack(0x00000095f3c00000,0x00000095f3d00000) (1024K)]

Stack: [0x00000095f3c00000,0x00000095f3d00000]
Native frames: (J=compiled Java code, j=interpreted, Vv=VM code, C=native code)
V  [jvm.dll+0x6c8e59]
V  [jvm.dll+0x853181]
V  [jvm.dll+0x8556ae]
V  [jvm.dll+0x855d83]
V  [jvm.dll+0x27d526]
V  [jvm.dll+0x6c55f5]
V  [jvm.dll+0x6ba17a]
V  [jvm.dll+0x352a8a]
V  [jvm.dll+0x35a6e6]
V  [jvm.dll+0x3acdae]
V  [jvm.dll+0x3ad058]
V  [jvm.dll+0x326dec]
V  [jvm.dll+0x32794b]
V  [jvm.dll+0x81c569]
V  [jvm.dll+0x3b9a11]
V  [jvm.dll+0x805948]
V  [jvm.dll+0x44ec5e]
V  [jvm.dll+0x450851]
C  [jli.dll+0x52a3]
C  [ucrtbase.dll+0x29333]
C  [KERNEL32.DLL+0x1257d]
C  [ntdll.dll+0x5af28]


---------------  P R O C E S S  ---------------

Threads class SMR info:
_java_thread_list=0x00007ff8a4b06c08, length=0, elements={
}

Java Threads: ( => current thread )
Total: 0

Other Threads:
  0x0000023f8d5d87d0 WorkerThread "GC Thread#0"                     [id=24164, stack(0x00000095f3d00000,0x00000095f3e00000) (1024K)]
  0x0000023f8d5ea1c0 ConcurrentGCThread "G1 Main Marker"            [id=24284, stack(0x00000095f3e00000,0x00000095f3f00000) (1024K)]
  0x0000023f8d5eae70 WorkerThread "G1 Conc#0"                       [id=22752, stack(0x00000095f3f00000,0x00000095f4000000) (1024K)]

[error occurred during error reporting (printing all threads), id 0xc0000005, EXCEPTION_ACCESS_VIOLATION (0xc0000005) at pc=0x00007ff8a4279577]
VM state: not at safepoint (not fully initialized)

VM Mutex/Monitor currently owned by a thread:  ([mutex/lock_event])
[0x00007ff8a4b77f98] Heap_lock - owner thread: 0x0000023f8b278ed0

Heap address: 0x000000070a000000, size: 3936 MB, Compressed Oops mode: Zero based, Oop shift amount: 3

CDS archive(s) mapped at: [0x0000000000000000-0x0000000000000000-0x0000000000000000), size 0, SharedBaseAddress: 0x0000000800000000, ArchiveRelocationMode: 1.
Narrow klass base: 0x0000000000000000, Narrow klass shift: 0, Narrow klass range: 0x0

GC Precious Log:
 CardTable entry size: 512
 Card Set container configuration: InlinePtr #cards 4 size 8 Array Of Cards #cards 16 size 48 Howl #buckets 8 coarsen threshold 3686 Howl Bitmap #cards 512 size 80 coarsen threshold 460 Card regions per heap region 1 cards per card region 4096

Heap:
 garbage-first heap   total 0K, used 0K [0x000000070a000000, 0x0000000800000000)
  region size 2048K, 0 young (0K), 0 survivors (0K)

[error occurred during error reporting (printing heap information), id 0xc0000005, EXCEPTION_ACCESS_VIOLATION (0xc0000005) at pc=0x00007ff8a4661df9]
GC Heap History (0 events):
No events

Dll operation events (1 events):
Event: 0.007 Loaded shared library C:\Program Files\Java\jdk-21\bin\java.dll

Deoptimization events (0 events):
No events

Classes loaded (0 events):
No events

Classes unloaded (0 events):
No events

Classes redefined (0 events):
No events

Internal exceptions (0 events):
No events

ZGC Phase Switch (0 events):
No events

VM Operations (0 events):
No events

Events (0 events):
No events


Dynamic libraries:
0x00007ff682140000 - 0x00007ff682150000 	C:\Program Files\Java\jdk-21\bin\java.exe
0x00007ff8df2f0000 - 0x00007ff8df507000 	C:\WINDOWS\SYSTEM32\ntdll.dll
0x00007ff8dd200000 - 0x00007ff8dd2c4000 	C:\WINDOWS\System32\KERNEL32.DLL
0x00007ff8dc610000 - 0x00007ff8dc9bd000 	C:\WINDOWS\System32\KERNELBASE.dll
0x00007ff8dce10000 - 0x00007ff8dcf21000 	C:\WINDOWS\System32\ucrtbase.dll
0x00007ff8d81a0000 - 0x00007ff8d81bb000 	C:\Program Files\Java\jdk-21\bin\VCRUNTIME140.dll
0x00007ff8d0960000 - 0x00007ff8d0979000 	C:\Program Files\Java\jdk-21\bin\jli.dll
0x00007ff8dec40000 - 0x00007ff8decf2000 	C:\WINDOWS\System32\ADVAPI32.dll
0x00007ff8de420000 - 0x00007ff8de4c7000 	C:\WINDOWS\System32\msvcrt.dll
0x00007ff8dd0d0000 - 0x00007ff8dd179000 	C:\WINDOWS\System32\sechost.dll
0x00007ff8dcf30000 - 0x00007ff8dcf58000 	C:\WINDOWS\System32\bcrypt.dll
0x00007ff8dda10000 - 0x00007ff8ddb24000 	C:\WINDOWS\System32\RPCRT4.dll
0x00007ff8df000000 - 0x00007ff8df1ae000 	C:\WINDOWS\System32\USER32.dll
0x00007ff8ca0f0000 - 0x00007ff8ca383000 	C:\WINDOWS\WinSxS\amd64_microsoft.windows.common-controls_6595b64144ccf1df_6.0.22621.3672_none_2713b9d173822955\COMCTL32.dll
0x00007ff8dcde0000 - 0x00007ff8dce06000 	C:\WINDOWS\System32\win32u.dll
0x00007ff8deeb0000 - 0x00007ff8deed9000 	C:\WINDOWS\System32\GDI32.dll
0x00007ff8dca40000 - 0x00007ff8dcb59000 	C:\WINDOWS\System32\gdi32full.dll
0x00007ff8dcd40000 - 0x00007ff8dcdda000 	C:\WINDOWS\System32\msvcp_win.dll
0x00007ff8d2c70000 - 0x00007ff8d2c7a000 	C:\WINDOWS\SYSTEM32\VERSION.dll
0x00007ff8debf0000 - 0x00007ff8dec21000 	C:\WINDOWS\System32\IMM32.DLL
0x00007ff8d0950000 - 0x00007ff8d095c000 	C:\Program Files\Java\jdk-21\bin\vcruntime140_1.dll
0x00007ff8b8860000 - 0x00007ff8b88ee000 	C:\Program Files\Java\jdk-21\bin\msvcp140.dll
0x00007ff8a3f40000 - 0x00007ff8a4c53000 	C:\Program Files\Java\jdk-21\bin\server\jvm.dll
0x00007ff8dd990000 - 0x00007ff8dda01000 	C:\WINDOWS\System32\WS2_32.dll
0x00007ff8dc330000 - 0x00007ff8dc37d000 	C:\WINDOWS\SYSTEM32\POWRPROF.dll
0x00007ff8d46a0000 - 0x00007ff8d46d4000 	C:\WINDOWS\SYSTEM32\WINMM.dll
0x00007ff8dc310000 - 0x00007ff8dc323000 	C:\WINDOWS\SYSTEM32\UMPDC.dll
0x00007ff8db5d0000 - 0x00007ff8db5e8000 	C:\WINDOWS\SYSTEM32\kernel.appcore.dll
0x00007ff8d0940000 - 0x00007ff8d094a000 	C:\Program Files\Java\jdk-21\bin\jimage.dll
0x00007ff8d1c80000 - 0x00007ff8d1eb2000 	C:\WINDOWS\SYSTEM32\DBGHELP.DLL
0x00007ff8dd2d0000 - 0x00007ff8dd65e000 	C:\WINDOWS\System32\combase.dll
0x00007ff8de950000 - 0x00007ff8dea27000 	C:\WINDOWS\System32\OLEAUT32.dll
0x00007ff8c6a40000 - 0x00007ff8c6a72000 	C:\WINDOWS\SYSTEM32\dbgcore.DLL
0x00007ff8dc9c0000 - 0x00007ff8dca3b000 	C:\WINDOWS\System32\bcryptPrimitives.dll
0x00007ff8cee20000 - 0x00007ff8cee2f000 	C:\Program Files\Java\jdk-21\bin\instrument.dll
0x00007ff8cfef0000 - 0x00007ff8cff0f000 	C:\Program Files\Java\jdk-21\bin\java.dll

dbghelp: loaded successfully - version: 4.0.5 - missing functions: none
symbol engine: initialized successfully - sym options: 0x614 - pdb path: .;C:\Program Files\Java\jdk-21\bin;C:\WINDOWS\SYSTEM32;C:\WINDOWS\WinSxS\amd64_microsoft.windows.common-controls_6595b64144ccf1df_6.0.22621.3672_none_2713b9d173822955;C:\Program Files\Java\jdk-21\bin\server

VM Arguments:
jvm_args: -XX:TieredStopAtLevel=1 -Dspring.output.ansi.enabled=always -Dcom.sun.management.jmxremote -Dspring.jmx.enabled=true -Dspring.liveBeansView.mbeanDomain -Dspring.application.admin.enabled=true -Dmanagement.endpoints.jmx.exposure.include=* -javaagent:C:\Program Files\JetBrains\IntelliJ IDEA 2024.2\lib\idea_rt.jar=51062:C:\Program Files\JetBrains\IntelliJ IDEA 2024.2\bin -Dfile.encoding=UTF-8 -Dsun.stdout.encoding=UTF-8 -Dsun.stderr.encoding=UTF-8 
java_command: com.sherlock.mailservice.MailServiceApplication
java_class_path (initial): C:\Users\lucas\Projects\sher-lock\mail-service\target\classes;C:\Users\lucas\.m2\repository\org\springframework\boot\spring-boot-starter-amqp\3.3.3\spring-boot-starter-amqp-3.3.3.jar;C:\Users\lucas\.m2\repository\org\springframework\boot\spring-boot-starter\3.3.3\spring-boot-starter-3.3.3.jar;C:\Users\lucas\.m2\repository\org\springframework\boot\spring-boot-starter-logging\3.3.3\spring-boot-starter-logging-3.3.3.jar;C:\Users\lucas\.m2\repository\ch\qos\logback\logback-classic\1.5.7\logback-classic-1.5.7.jar;C:\Users\lucas\.m2\repository\ch\qos\logback\logback-core\1.5.7\logback-core-1.5.7.jar;C:\Users\lucas\.m2\repository\org\apache\logging\log4j\log4j-to-slf4j\2.23.1\log4j-to-slf4j-2.23.1.jar;C:\Users\lucas\.m2\repository\org\apache\logging\log4j\log4j-api\2.23.1\log4j-api-2.23.1.jar;C:\Users\lucas\.m2\repository\org\slf4j\jul-to-slf4j\2.0.16\jul-to-slf4j-2.0.16.jar;C:\Users\lucas\.m2\repository\jakarta\annotation\jakarta.annotation-api\2.1.1\jakarta.annotation-api-2.1.1.jar;C:\Users\lucas\.m2\repository\org\yaml\snakeyaml\2.2\snakeyaml-2.2.jar;C:\Users\lucas\.m2\repository\org\springframework\spring-messaging\6.1.12\spring-messaging-6.1.12.jar;C:\Users\lucas\.m2\repository\org\springframework\spring-beans\6.1.12\spring-beans-6.1.12.jar;C:\Users\lucas\.m2\repository\org\springframework\amqp\spring-rabbit\3.1.7\spring-rabbit-3.1.7.jar;C:\Users\lucas\.m2\repository\org\springframework\amqp\spring-amqp\3.1.7\spring-amqp-3.1.7.jar;C:\Users\lucas\.m2\repository\org\springframework\retry\spring-retry\2.0.8\spring-retry-2.0.8.jar;C:\Users\lucas\.m2\repository\com\rabbitmq\amqp-client\5.21.0\amqp-client-5.21.0.jar;C:\Users\lucas\.m2\repository\org\springframework\spring-context\6.1.12\spring-context-6.1.12.jar;C:\Users\lucas\.m2\repository\org\springframework\spring-tx\6.1.12\spring-tx-6.1.12.jar;C:\Users\lucas\.m2\repository\io\micrometer\micrometer-observation\1.13.3\micrometer-observation-1.13.3.jar;C:\Users\lucas\.m2\repository\io\micrometer\micrometer-commons\1.13.3\micrometer-commons-1.13.3.jar;C:\Users\lucas\.m2\repository\org\springframework\boot\spring-boot-starter-web\3.3.3\spring-boot-starter-web-3.3.3.jar;C:\Users\lucas\.m2\repository\org\springframework\boot\spring-boot-starter-json\3.3.3\spring-boot-starter-json-3.3.3.jar;C:\Users\lucas\.m2\repository\com\fasterxml\jackson\core\jackson-databind\2.17.2\jackson-databind-2.17.2.jar;C:\Users\lucas\.m2\repository\com\fasterxml\jackson\core\jackson-annotations\2.17.2\jackson-annotations-2.17.2.jar;C:\Users\lucas\.m2\repository\com\fasterxml\jackson\core\jackson-core\2.17.2\jackson-core-2.17.2.jar;C:\Users\lucas\.m2\repository\com\fasterxml\jackson\datatype\jackson-datatype-jdk8\2.17.2\jackson-datatype-jdk8-2.17.2.jar;C:\Users\lucas\.m2\repository\com\fasterxml\jackson\datatype\jackson-datatype-jsr310\2.17.2\jackson-datatype-jsr310-2.17.2.jar;C:\Users\lucas\.m2\repository\com\fasterxml\jackson\module\jackson-module-parameter-names\2.17.2\jackson-module-parameter-names-2.17.2.jar;C:\Users\lucas\.m2\repository\org\springframework\boot\spring-boot-starter-tomcat\3.3.3\spring-boot-starter-tomcat-3.3.3.jar;C:\Users\lucas\.m2\repository\org\apache\tomcat\embed\tomcat-embed-core\10.1.28\tomcat-embed-core-10.1.28.jar;C:\Users\lucas\.m2\repository\org\apache\tomcat\embed\tomcat-embed-el\10.1.28\tomcat-embed-el-10.1.28.jar;C:\Users\lucas\.m2\repository\org\apache\tomcat\embed\tomcat-embed-websocket\10.1.28\tomcat-embed-websocket-10.1.28.jar;C:\Users\lucas\.m2\repository\org\springframework\spring-web\6.1.12\spring-web-6.1.12.jar;C:\Users\lucas\.m2\repository\org\springframework\spring-webmvc\6.1.12\spring-webmvc-6.1.12.jar;C:\Users\lucas\.m2\repository\org\springframework\spring-aop\6.1.12\spring-aop-6.1.12.jar;C:\Users\lucas\.m2\repository\org\springframework\spring-expression\6.1.12\spring-expression-6.1.12.jar;C:\Users\lucas\.m2\repository\org\springframework\boot\spring-boot-starter-freemarker\3.3.3\spring-boot-starter-freemarker-3.3.3.jar;C:\Users\lucas\.m2\repository\org\freemarker\freemarker\2.3.33\freemarker-2.3.33.jar;C:\Users\lucas\.m2\repository\org\springframework\spring-context-support\6.1.12\spring-context-support-6.1.12.jar;C:\Users\lucas\.m2\repository\org\springframework\boot\spring-boot-starter-mail\3.3.3\spring-boot-starter-mail-3.3.3.jar;C:\Users\lucas\.m2\repository\org\eclipse\angus\jakarta.mail\2.0.3\jakarta.mail-2.0.3.jar;C:\Users\lucas\.m2\repository\jakarta\activation\jakarta.activation-api\2.1.3\jakarta.activation-api-2.1.3.jar;C:\Users\lucas\.m2\repository\org\eclipse\angus\angus-activation\2.0.2\angus-activation-2.0.2.jar;C:\Users\lucas\.m2\repository\org\springframework\boot\spring-boot-devtools\3.3.3\spring-boot-devtools-3.3.3.jar;C:\Users\lucas\.m2\repository\org\springframework\boot\spring-boot\3.3.3\spring-boot-3.3.3.jar;C:\Users\lucas\.m2\repository\org\springframework\boot\spring-boot-autoconfigure\3.3.3\spring-boot-autoconfigure-3.3.3.jar;C:\Users\lucas\.m2\repository\org\projectlombok\lombok\1.18.34\lombok-1.18.34.jar;C:\Users\lucas\.m2\repository\org\slf4j\slf4j-api\2.0.16\slf4j-api-2.0.16.jar;C:\Users\lucas\.m2\repository\org\springframework\spring-core\6.1.12\spring-core-6.1.12.jar;C:\Users\lucas\.m2\repository\org\springframework\spring-jcl\6.1.12\spring-jcl-6.1.12.jar;C:\Users\lucas\.m2\repository\com\google\zxing\core\3.4.1\core-3.4.1.jar;C:\Users\lucas\.m2\repository\com\google\zxing\javase\3.4.1\javase-3.4.1.jar;C:\Users\lucas\.m2\repository\com\beust\jcommander\1.78\jcommander-1.78.jar;C:\Users\lucas\.m2\repository\com\github\jai-imageio\jai-imageio-core\1.4.0\jai-imageio-core-1.4.0.jar
Launcher Type: SUN_STANDARD

[Global flags]
     intx CICompilerCount                          = 12                                        {product} {ergonomic}
     uint ConcGCThreads                            = 3                                         {product} {ergonomic}
     uint G1ConcRefinementThreads                  = 13                                        {product} {ergonomic}
   size_t G1HeapRegionSize                         = 2097152                                   {product} {ergonomic}
    uintx GCDrainStackTargetSize                   = 64                                        {product} {ergonomic}
   size_t InitialHeapSize                          = 257949696                                 {product} {ergonomic}
     bool ManagementServer                         = true                                      {product} {command line}
   size_t MarkStackSize                            = 4194304                                   {product} {ergonomic}
   size_t MaxHeapSize                              = 4127195136                                {product} {ergonomic}
   size_t MinHeapDeltaBytes                        = 2097152                                   {product} {ergonomic}
   size_t MinHeapSize                              = 8388608                                   {product} {ergonomic}
    uintx NonNMethodCodeHeapSize                   = 4096                                   {pd product} {ergonomic}
    uintx NonProfiledCodeHeapSize                  = 0                                      {pd product} {ergonomic}
     bool ProfileInterpreter                       = false                                  {pd product} {command line}
    uintx ProfiledCodeHeapSize                     = 0                                      {pd product} {ergonomic}
   size_t SoftMaxHeapSize                          = 4127195136                             {manageable} {ergonomic}
     intx TieredStopAtLevel                        = 1                                         {product} {command line}
     bool UseCompressedOops                        = true                           {product lp64_product} {ergonomic}
     bool UseG1GC                                  = true                                      {product} {ergonomic}
     bool UseLargePagesIndividualAllocation        = false                                  {pd product} {ergonomic}

Logging:
Log output configuration:
 #0: stdout all=warning uptime,level,tags foldmultilines=false
 #1: stderr all=off uptime,level,tags foldmultilines=false

Environment Variables:
PATH=C:\Program Files\Common Files\Oracle\Java\javapath;C:\Program Files (x86)\Common Files\Oracle\Java\java8path;C:\Program Files (x86)\Common Files\Oracle\Java\javapath;C:\WINDOWS\system32;C:\WINDOWS;C:\WINDOWS\System32\Wbem;C:\WINDOWS\System32\WindowsPowerShell\v1.0\;C:\WINDOWS\System32\OpenSSH\;C:\Program Files\NVIDIA Corporation\NVIDIA NvDLISR;C:\Program Files (x86)\NVIDIA Corporation\PhysX\Common;C:\Program Files\Git\cmd;C:\Program Files\Go\bin;C:\Program Files\dotnet\;C:\Program Files\Git LFS;C:\Program Files\Mullvad VPN\resources;C:\Program Files\Docker\Docker\resources\bin;C:\Users\lucas\AppData\Local\Programs\Python\Python312\Scripts\;C:\Users\lucas\AppData\Local\Programs\Python\Python312\;C:\Users\lucas\AppData\Local\Programs\Python\Launcher\;C:\Users\lucas\AppData\Local\Microsoft\WindowsApps;C:\Users\lucas\AppData\Local\Programs\Microsoft VS Code\bin;C:\Users\lucas\go\bin;;C:\Program Files\JetBrains\GoLand 2024.2\bin;;C:\Program Files\JetBrains\IntelliJ IDEA 2024.2\bin;;C:\Users\lucas\AppData\Local\Microsoft\WinGet\Packages\getzola.zola_Microsoft.Winget.Source_8wekyb3d8bbwe;
USERNAME=lucas
OS=Windows_NT
PROCESSOR_IDENTIFIER=AMD64 Family 23 Model 96 Stepping 1, AuthenticAMD
TMP=C:\Users\lucas\AppData\Local\Temp
TEMP=C:\Users\lucas\AppData\Local\Temp




Periodic native trim disabled

---------------  S Y S T E M  ---------------

OS:
 Windows 11 , 64 bit Build 22621 (10.0.22621.3958)
OS uptime: 5 days 7:12 hours
Hyper-V role detected

CPU: total 16 (initial active 16) (16 cores per cpu, 2 threads per core) family 23 model 96 stepping 1 microcode 0x0, cx8, cmov, fxsr, ht, mmx, 3dnowpref, sse, sse2, sse3, ssse3, sse4a, sse4.1, sse4.2, popcnt, lzcnt, tsc, tscinvbit, avx, avx2, aes, clmul, bmi1, bmi2, adx, sha, fma, vzeroupper, clflush, clflushopt, hv, rdtscp, rdpid, f16c
Processor Information for all 16 processors :
  Max Mhz: 2900, Current Mhz: 2900, Mhz Limit: 2900

Memory: 4k page, system-wide physical 15741M (2834M free)
TotalPageFile size 19741M (AvailPageFile size 69M)
current process WorkingSet (physical memory assigned to process): 12M, peak: 12M
current process commit charge ("private bytes"): 66M, peak: 311M

vm_info: Java HotSpot(TM) 64-Bit Server VM (21.0.4+8-LTS-274) for windows-amd64 JRE (21.0.4+8-LTS-274), built on 2024-06-05T05:23:33Z by "mach5one" with MS VC++ 17.6 (VS2022)

END.
